<?xml version="1.0" encoding="UTF-8"?>
<!-- Generated by org.testng.reporters.JUnitReportReporter -->
<testsuite hostname="PAWARP01" name="com.java.test.Grouping" tests="4" failures="0" timestamp="27 Jun 2018 18:04:44 GMT" time="0.024" errors="0">
  <testcase name="ain1" time="0.001" classname="com.java.test.Grouping"/>
  <testcase name="main1" time="0.000" classname="com.java.test.Grouping"/>
  <testcase name="ain" time="0.023" classname="com.java.test.Grouping"/>
  <testcase name="main" time="0.000" classname="com.java.test.Grouping"/>
</testsuite> <!-- com.java.test.Grouping -->
