<?xml version="1.0" encoding="UTF-8"?>
<!-- Generated by org.testng.reporters.JUnitReportReporter -->
<testsuite hostname="PAWARP01" name="com.java.test.TestTest" tests="2" failures="1" timestamp="27 Jun 2018 18:07:56 GMT" time="0.003" errors="0">
  <testcase name="main" time="0.002" classname="com.java.test.TestTest"/>
  <testcase name="main" time="0.001" classname="com.java.test.TestTest"/>
</testsuite> <!-- com.java.test.TestTest -->
