<?xml version="1.0" encoding="UTF-8"?>
<!-- Generated by org.testng.reporters.JUnitReportReporter -->
<testsuite hostname="PAWARP01" name="com.java.test.TestTest3" tests="1" failures="0" timestamp="26 Jun 2018 15:17:39 GMT" time="0.008" errors="0">
  <testcase name="main" time="0.008" classname="com.java.test.TestTest3"/>
</testsuite> <!-- com.java.test.TestTest3 -->
