<?xml version="1.0" encoding="UTF-8"?>
<!-- Generated by org.testng.reporters.JUnitReportReporter -->
<testsuite hostname="PAWARP01" name="com.java.test.TestTest2" tests="1" failures="0" timestamp="27 Jun 2018 18:07:56 GMT" time="0.006" errors="0">
  <testcase name="main" time="0.006" classname="com.java.test.TestTest2"/>
</testsuite> <!-- com.java.test.TestTest2 -->
